<!DOCTYPE html PUBLIC "-//W3C//DTD XHTML 1.1//EN" "https://www.w3.org/TR/xhtml11/DTD/xhtml11.dtd">
<html xmlns="https://www.w3.org/1999/xhtml">
<head>
<meta http-equiv="content-type" content="text/html; charset=UTF-8"/>
<title>TestNG Report</title>
<style type="text/css">table {margin-bottom:10px;border-collapse:collapse;empty-cells:show}th,td {border:1px solid #009;padding:.25em .5em}th {vertical-align:bottom}td {vertical-align:top}table a {font-weight:bold}.stripe td {background-color: #E6EBF9}.num {text-align:right}.passedodd td {background-color: #3F3}.passedeven td {background-color: #0A0}.skippedodd td {background-color: #DDD}.skippedeven td {background-color: #CCC}.failedodd td,.attn {background-color: #F33}.failedeven td,.stripe .attn {background-color: #D00}.stacktrace {white-space:pre;font-family:monospace}.totop {font-size:85%;text-align:center;border-bottom:2px solid #000}.invisible {display:none}</style>
</head>
<body>
<table>
<tr><th>Test</th><th># Passed</th><th># Skipped</th><th># Retried</th><th># Failed</th><th>Time (ms)</th><th>Included Groups</th><th>Excluded Groups</th></tr>
<tr><th colspan="8">Suite</th></tr>
<tr><td><a href="#t0">Test</a></td><td class="num">20</td><td class="num attn">1</td><td class="num">0</td><td class="num attn">4</td><td class="num">136,045</td><td></td><td></td></tr>
</table>
<table id='summary'><thead><tr><th>Class</th><th>Method</th><th>Start</th><th>Time (ms)</th></tr></thead><tbody><tr><th colspan="4">Suite</th></tr></tbody><tbody id="t0"><tr><th colspan="4">Test &#8212; failed</th></tr><tr class="failedeven"><td rowspan="2">TestNG.Activity2</td><td><a href="#m0">f1</a></td><td rowspan="1">1637828323668</td><td rowspan="1">8</td></tr><tr class="failedeven"><td><a href="#m1">f2</a></td><td rowspan="1">1637828323681</td><td rowspan="1">41</td></tr><tr class="failedodd"><td rowspan="1">com.ibm.Activity_2</td><td><a href="#m2">verifyWebsiteHeading</a></td><td rowspan="1">1637828362198</td><td rowspan="1">1115</td></tr><tr class="failedeven"><td rowspan="1">com.ibm.Activity_6</td><td><a href="#m3">verifyApplyingAJob</a></td><td rowspan="1">1637828378450</td><td rowspan="1">19812</td></tr><tr><th colspan="4">Test &#8212; skipped</th></tr><tr class="skippedeven"><td rowspan="1">TestNG.Activity2</td><td><a href="#m4">f4</a></td><td rowspan="1">1637828323724</td><td rowspan="1">3</td></tr><tr><th colspan="4">Test &#8212; passed</th></tr><tr class="passedeven"><td rowspan="1">TestNG.Activity1</td><td><a href="#m5">verifyTitle</a></td><td rowspan="1">1637828286450</td><td rowspan="1">383</td></tr><tr class="passedodd"><td rowspan="1">TestNG.Activity3</td><td><a href="#m6">login</a></td><td rowspan="1">1637828314404</td><td rowspan="1">366</td></tr><tr class="passedeven"><td rowspan="1">TestNG.Activity4</td><td><a href="#m7">Test</a></td><td rowspan="1">1637828350218</td><td rowspan="1">1</td></tr><tr class="passedodd"><td rowspan="5">TestNG.Activity5</td><td><a href="#m8">buttonTest1</a></td><td rowspan="1">1637828347067</td><td rowspan="1">59</td></tr><tr class="passedodd"><td><a href="#m9">buttonTest2</a></td><td rowspan="1">1637828347129</td><td rowspan="1">34</td></tr><tr class="passedodd"><td><a href="#m10">headerTest1</a></td><td rowspan="1">1637828347165</td><td rowspan="1">18</td></tr><tr class="passedodd"><td><a href="#m11">headerTest2</a></td><td rowspan="1">1637828347185</td><td rowspan="1">16</td></tr><tr class="passedodd"><td><a href="#m12">testCase</a></td><td rowspan="1">1637828347201</td><td rowspan="1">6</td></tr><tr class="passedeven"><td rowspan="1">TestNG.Activity7</td><td><a href="#m13">login</a></td><td rowspan="1">1637828356185</td><td rowspan="1">365</td></tr><tr class="passedodd"><td rowspan="1">TestNG.Activity8</td><td><a href="#m14">Test</a></td><td rowspan="1">1637828360006</td><td rowspan="1">0</td></tr><tr class="passedeven"><td rowspan="3">TestNG.Activity9</td><td><a href="#m15">confirmAlertTestCase</a></td><td rowspan="1">1637828359681</td><td rowspan="1">154</td></tr><tr class="passedeven"><td><a href="#m16">promptAlertTestCase</a></td><td rowspan="1">1637828359850</td><td rowspan="1">154</td></tr><tr class="passedeven"><td><a href="#m17">simpleAlertTestCase</a></td><td rowspan="1">1637828359388</td><td rowspan="1">279</td></tr><tr class="passedodd"><td rowspan="1">com.ibm.Activity_1</td><td><a href="#m18">verifyWebsiteTitle</a></td><td rowspan="1">1637828365468</td><td rowspan="1">2241</td></tr><tr class="passedeven"><td rowspan="1">com.ibm.Activity_3</td><td><a href="#m19">verifyurlOfHeaderImage</a></td><td rowspan="1">1637828373950</td><td rowspan="1">2899</td></tr><tr class="passedodd"><td rowspan="1">com.ibm.Activity_4</td><td><a href="#m20">verifySecondWebsiteHeading</a></td><td rowspan="1">1637828369346</td><td rowspan="1">3024</td></tr><tr class="passedeven"><td rowspan="1">com.ibm.Activity_5</td><td><a href="#m21">verifyJobspage</a></td><td rowspan="1">1637828399761</td><td rowspan="1">3657</td></tr><tr class="passedodd"><td rowspan="1">com.ibm.Activity_7</td><td><a href="#m22">verifyNewJobListing</a></td><td rowspan="1">1637828301995</td><td rowspan="1">7198</td></tr><tr class="passedeven"><td rowspan="1">com.ibm.Activity_8</td><td><a href="#m23">verifyLogin</a></td><td rowspan="1">1637828295363</td><td rowspan="1">4494</td></tr><tr class="passedodd"><td rowspan="1">com.ibm.Activity_9</td><td><a href="#m24">verifyNewJobUsingBackend</a></td><td rowspan="1">1637828330780</td><td rowspan="1">10376</td></tr></tbody>
</table>
<h2>Test</h2><h3 id="m0">TestNG.Activity2#f1</h3><table class="result"><tr><th>Exception</th></tr><tr><td><div class="stacktrace">java.lang.AssertionError: expected [Target Practice ] but found [Training Support]
	at TestNG.Activity2.f1(Activity2.java:19)
	at java.base/java.util.ArrayList.forEach(ArrayList.java:1511)
... Removed 33 stack frames</div></td></tr></table><p class="totop"><a href="#summary">back to summary</a></p>
<h3 id="m1">TestNG.Activity2#f2</h3><table class="result"><tr><th>Exception</th></tr><tr><td><div class="stacktrace">org.openqa.selenium.NoSuchElementException: Unable to locate element: .ui\ black\ button
For documentation on this error, please visit: https://www.seleniumhq.org/exceptions/no_such_element.html
Build info: version: &apos;3.141.59&apos;, revision: &apos;e82be7d358&apos;, time: &apos;2018-11-14T08:17:03&apos;
System info: host: &apos;WIN-ULJM1V86J9P&apos;, ip: &apos;192.168.0.101&apos;, os.name: &apos;Windows 10&apos;, os.arch: &apos;amd64&apos;, os.version: &apos;10.0&apos;, java.version: &apos;15.0.2&apos;
Driver info: org.openqa.selenium.firefox.FirefoxDriver
Capabilities {acceptInsecureCerts: true, browserName: firefox, browserVersion: 94.0.2, javascriptEnabled: true, moz:accessibilityChecks: false, moz:buildID: 20211119140621, moz:geckodriverVersion: 0.30.0, moz:headless: false, moz:processID: 12600, moz:profile: C:\Users\0027RQ744\AppData\..., moz:shutdownTimeout: 60000, moz:useNonSpecCompliantPointerOrigin: false, moz:webdriverClick: true, pageLoadStrategy: normal, platform: WINDOWS, platformName: WINDOWS, platformVersion: 10.0, proxy: Proxy(), setWindowRect: true, strictFileInteractability: false, timeouts: {implicit: 0, pageLoad: 300000, script: 30000}, unhandledPromptBehavior: dismiss and notify}
Session ID: 531b9d00-98c1-4570-99ed-386451d5a5b0
*** Element info: {Using=class name, value=ui black button}
	at org.openqa.selenium.remote.http.W3CHttpResponseCodec.createException(W3CHttpResponseCodec.java:187)
	at org.openqa.selenium.remote.http.W3CHttpResponseCodec.decode(W3CHttpResponseCodec.java:122)
	at org.openqa.selenium.remote.http.W3CHttpResponseCodec.decode(W3CHttpResponseCodec.java:49)
	at org.openqa.selenium.remote.HttpCommandExecutor.execute(HttpCommandExecutor.java:158)
	at org.openqa.selenium.remote.service.DriverCommandExecutor.execute(DriverCommandExecutor.java:83)
	at org.openqa.selenium.remote.RemoteWebDriver.execute(RemoteWebDriver.java:552)
	at org.openqa.selenium.remote.RemoteWebDriver.findElement(RemoteWebDriver.java:323)
	at org.openqa.selenium.remote.RemoteWebDriver.findElementByClassName(RemoteWebDriver.java:412)
	at org.openqa.selenium.By$ByClassName.findElement(By.java:389)
	at org.openqa.selenium.remote.RemoteWebDriver.findElement(RemoteWebDriver.java:315)
	at TestNG.Activity2.f2(Activity2.java:24)
	at java.base/java.util.ArrayList.forEach(ArrayList.java:1511)
... Removed 32 stack frames</div></td></tr></table><p class="totop"><a href="#summary">back to summary</a></p>
<h3 id="m2">com.ibm.Activity_2#verifyWebsiteHeading</h3><table class="result"><tr><th>Exception</th></tr><tr><td><div class="stacktrace">org.openqa.selenium.NoSuchSessionException: invalid session id
Build info: version: &apos;3.141.59&apos;, revision: &apos;e82be7d358&apos;, time: &apos;2018-11-14T08:17:03&apos;
System info: host: &apos;WIN-ULJM1V86J9P&apos;, ip: &apos;192.168.0.101&apos;, os.name: &apos;Windows 10&apos;, os.arch: &apos;amd64&apos;, os.version: &apos;10.0&apos;, java.version: &apos;15.0.2&apos;
Driver info: org.openqa.selenium.chrome.ChromeDriver
Capabilities {acceptInsecureCerts: false, browserName: chrome, browserVersion: 95.0.4638.69, chrome: {chromedriverVersion: 95.0.4638.69 (6a1600ed572fe..., userDataDir: C:\Users\0027RQ~1\AppData\L...}, goog:chromeOptions: {debuggerAddress: localhost:49705}, javascriptEnabled: true, networkConnectionEnabled: false, pageLoadStrategy: normal, platform: WINDOWS, platformName: WINDOWS, proxy: Proxy(), setWindowRect: true, strictFileInteractability: false, timeouts: {implicit: 0, pageLoad: 300000, script: 30000}, unhandledPromptBehavior: dismiss and notify, webauthn:extension:credBlob: true, webauthn:extension:largeBlob: true, webauthn:virtualAuthenticators: true}
Session ID: 3accb4b55ac7c107e4f82f9f781a8514
	at org.openqa.selenium.remote.http.W3CHttpResponseCodec.createException(W3CHttpResponseCodec.java:187)
	at org.openqa.selenium.remote.http.W3CHttpResponseCodec.decode(W3CHttpResponseCodec.java:122)
	at org.openqa.selenium.remote.http.W3CHttpResponseCodec.decode(W3CHttpResponseCodec.java:49)
	at org.openqa.selenium.remote.HttpCommandExecutor.execute(HttpCommandExecutor.java:158)
	at org.openqa.selenium.remote.service.DriverCommandExecutor.execute(DriverCommandExecutor.java:83)
	at org.openqa.selenium.remote.RemoteWebDriver.execute(RemoteWebDriver.java:552)
	at org.openqa.selenium.remote.RemoteWebDriver.execute(RemoteWebDriver.java:609)
	at org.openqa.selenium.remote.RemoteWebDriver.close(RemoteWebDriver.java:442)
	at com.ibm.Activity_2.verifyWebsiteHeading(Activity_2.java:53)
	at java.base/java.util.ArrayList.forEach(ArrayList.java:1511)
... Removed 32 stack frames</div></td></tr></table><p class="totop"><a href="#summary">back to summary</a></p>
<h3 id="m3">com.ibm.Activity_6#verifyApplyingAJob</h3><table class="result"><tr><th>Exception</th></tr><tr><td><div class="stacktrace">org.openqa.selenium.NoSuchElementException: no such element: Unable to locate element: {&quot;method&quot;:&quot;xpath&quot;,&quot;selector&quot;:&quot;//div[@class=&apos;job_application application&apos;]/input&quot;}
  (Session info: chrome=95.0.4638.69)
For documentation on this error, please visit: https://www.seleniumhq.org/exceptions/no_such_element.html
Build info: version: &apos;3.141.59&apos;, revision: &apos;e82be7d358&apos;, time: &apos;2018-11-14T08:17:03&apos;
System info: host: &apos;WIN-ULJM1V86J9P&apos;, ip: &apos;192.168.0.101&apos;, os.name: &apos;Windows 10&apos;, os.arch: &apos;amd64&apos;, os.version: &apos;10.0&apos;, java.version: &apos;15.0.2&apos;
Driver info: org.openqa.selenium.chrome.ChromeDriver
Capabilities {acceptInsecureCerts: false, browserName: chrome, browserVersion: 95.0.4638.69, chrome: {chromedriverVersion: 95.0.4638.69 (6a1600ed572fe..., userDataDir: C:\Users\0027RQ~1\AppData\L...}, goog:chromeOptions: {debuggerAddress: localhost:49790}, javascriptEnabled: true, networkConnectionEnabled: false, pageLoadStrategy: normal, platform: WINDOWS, platformName: WINDOWS, proxy: Proxy(), setWindowRect: true, strictFileInteractability: false, timeouts: {implicit: 0, pageLoad: 300000, script: 30000}, unhandledPromptBehavior: dismiss and notify, webauthn:extension:credBlob: true, webauthn:extension:largeBlob: true, webauthn:virtualAuthenticators: true}
Session ID: c96ea2b9c010a99d1437c596cd075182
*** Element info: {Using=xpath, value=//div[@class=&apos;job_application application&apos;]/input}
	at org.openqa.selenium.remote.http.W3CHttpResponseCodec.createException(W3CHttpResponseCodec.java:187)
	at org.openqa.selenium.remote.http.W3CHttpResponseCodec.decode(W3CHttpResponseCodec.java:122)
	at org.openqa.selenium.remote.http.W3CHttpResponseCodec.decode(W3CHttpResponseCodec.java:49)
	at org.openqa.selenium.remote.HttpCommandExecutor.execute(HttpCommandExecutor.java:158)
	at org.openqa.selenium.remote.service.DriverCommandExecutor.execute(DriverCommandExecutor.java:83)
	at org.openqa.selenium.remote.RemoteWebDriver.execute(RemoteWebDriver.java:552)
	at org.openqa.selenium.remote.RemoteWebDriver.findElement(RemoteWebDriver.java:323)
	at org.openqa.selenium.remote.RemoteWebDriver.findElementByXPath(RemoteWebDriver.java:428)
	at org.openqa.selenium.By$ByXPath.findElement(By.java:353)
	at org.openqa.selenium.remote.RemoteWebDriver.findElement(RemoteWebDriver.java:315)
	at org.openqa.selenium.support.pagefactory.DefaultElementLocator.findElement(DefaultElementLocator.java:69)
	at org.openqa.selenium.support.pagefactory.internal.LocatingElementHandler.invoke(LocatingElementHandler.java:38)
	at com.sun.proxy.$Proxy17.click(Unknown Source)
	at com.ibm.Activity_6.verifyApplyingAJob(Activity_6.java:62)
	at java.base/java.util.ArrayList.forEach(ArrayList.java:1511)
... Removed 32 stack frames</div></td></tr></table><p class="totop"><a href="#summary">back to summary</a></p>
<h3 id="m4">TestNG.Activity2#f4</h3><table class="result"><tr><th>Exception</th></tr><tr><td><div class="stacktrace">org.testng.SkipException: Skipping test case
	at TestNG.Activity2.f4(Activity2.java:35)
	at java.base/java.util.ArrayList.forEach(ArrayList.java:1511)
... Removed 27 stack frames</div></td></tr></table><p class="totop"><a href="#summary">back to summary</a></p>
<h3 id="m5">TestNG.Activity1#verifyTitle</h3><table class="result"><tr><th class="invisible"/></tr></table><p class="totop"><a href="#summary">back to summary</a></p>
<h3 id="m6">TestNG.Activity3#login</h3><table class="result"><tr><th class="invisible"/></tr></table><p class="totop"><a href="#summary">back to summary</a></p>
<h3 id="m7">TestNG.Activity4#Test</h3><table class="result"><tr><th class="invisible"/></tr></table><p class="totop"><a href="#summary">back to summary</a></p>
<h3 id="m8">TestNG.Activity5#buttonTest1</h3><table class="result"><tr><th class="invisible"/></tr></table><p class="totop"><a href="#summary">back to summary</a></p>
<h3 id="m9">TestNG.Activity5#buttonTest2</h3><table class="result"><tr><th class="invisible"/></tr></table><p class="totop"><a href="#summary">back to summary</a></p>
<h3 id="m10">TestNG.Activity5#headerTest1</h3><table class="result"><tr><th class="invisible"/></tr></table><p class="totop"><a href="#summary">back to summary</a></p>
<h3 id="m11">TestNG.Activity5#headerTest2</h3><table class="result"><tr><th class="invisible"/></tr></table><p class="totop"><a href="#summary">back to summary</a></p>
<h3 id="m12">TestNG.Activity5#testCase</h3><table class="result"><tr><th class="invisible"/></tr></table><p class="totop"><a href="#summary">back to summary</a></p>
<h3 id="m13">TestNG.Activity7#login</h3><table class="result"><tr class="param"><th>Parameter #1</th><th>Parameter #2</th></tr><tr class="param stripe"><td>admin</td><td>password</td></tr></table><p class="totop"><a href="#summary">back to summary</a></p>
<h3 id="m14">TestNG.Activity8#Test</h3><table class="result"><tr><th class="invisible"/></tr></table><p class="totop"><a href="#summary">back to summary</a></p>
<h3 id="m15">TestNG.Activity9#confirmAlertTestCase</h3><table class="result"><tr><th>Messages</th></tr><tr><td><div class="messages">confirmAlertTestCase() started |<br/>Confirm Alert opened |<br/>Switched foucs to alert |<br/>Alert text is: This is a JavaScript Confirmation! |<br/>Alert closed |<br/>Test case ended |</div></td></tr></table><p class="totop"><a href="#summary">back to summary</a></p>
<h3 id="m16">TestNG.Activity9#promptAlertTestCase</h3><table class="result"><tr><th>Messages</th></tr><tr><td><div class="messages">promptAlertTestCase() started |<br/>Prompt Alert opened |<br/>Switched foucs to alert |<br/>Alert text is: This is a JavaScript Prompt! |<br/>Text entered in prompt alert |<br/>Alert closed |<br/>Test case ended |</div></td></tr></table><p class="totop"><a href="#summary">back to summary</a></p>
<h3 id="m17">TestNG.Activity9#simpleAlertTestCase</h3><table class="result"><tr><th>Messages</th></tr><tr><td><div class="messages">simpleAlertTestCase() started |<br/>Simple Alert opened |<br/>Switched foucs to alert |<br/>Alert text is: This is a JavaScript Alert! |<br/>Alert closed<br/>Test case ended |</div></td></tr></table><p class="totop"><a href="#summary">back to summary</a></p>
<h3 id="m18">com.ibm.Activity_1#verifyWebsiteTitle</h3><table class="result"><tr><th class="invisible"/></tr></table><p class="totop"><a href="#summary">back to summary</a></p>
<h3 id="m19">com.ibm.Activity_3#verifyurlOfHeaderImage</h3><table class="result"><tr><th class="invisible"/></tr></table><p class="totop"><a href="#summary">back to summary</a></p>
<h3 id="m20">com.ibm.Activity_4#verifySecondWebsiteHeading</h3><table class="result"><tr><th class="invisible"/></tr></table><p class="totop"><a href="#summary">back to summary</a></p>
<h3 id="m21">com.ibm.Activity_5#verifyJobspage</h3><table class="result"><tr><th class="invisible"/></tr></table><p class="totop"><a href="#summary">back to summary</a></p>
<h3 id="m22">com.ibm.Activity_7#verifyNewJobListing</h3><table class="result"><tr><th class="invisible"/></tr></table><p class="totop"><a href="#summary">back to summary</a></p>
<h3 id="m23">com.ibm.Activity_8#verifyLogin</h3><table class="result"><tr><th class="invisible"/></tr></table><p class="totop"><a href="#summary">back to summary</a></p>
<h3 id="m24">com.ibm.Activity_9#verifyNewJobUsingBackend</h3><table class="result"><tr><th class="invisible"/></tr></table><p class="totop"><a href="#summary">back to summary</a></p>
</body>
</html>
